[debug] [2018-07-18T11:08:11.855Z] ----------------------------------------------------------------------
[debug] [2018-07-18T11:08:11.859Z] Command:       /usr/local/bin/node /Users/derekmusser/.npm-global/bin/firebase deploy
[debug] [2018-07-18T11:08:11.859Z] CLI Version:   3.19.3
[debug] [2018-07-18T11:08:11.859Z] Platform:      darwin
[debug] [2018-07-18T11:08:11.859Z] Node Version:  v10.6.0
[debug] [2018-07-18T11:08:11.870Z] Time:          Wed Jul 18 2018 04:08:11 GMT-0700 (Mountain Standard Time)
[debug] [2018-07-18T11:08:11.870Z] ----------------------------------------------------------------------
[debug] 
[debug] [2018-07-18T11:08:11.904Z] > command requires scopes: ["email","openid","https://www.googleapis.com/auth/cloudplatformprojects.readonly","https://www.googleapis.com/auth/firebase","https://www.googleapis.com/auth/cloud-platform"]
[debug] [2018-07-18T11:08:11.905Z] > authorizing via signed-in user
[debug] [2018-07-18T11:08:11.907Z] > refreshing access token with scopes: ["email","https://www.googleapis.com/auth/cloud-platform","https://www.googleapis.com/auth/cloudplatformprojects.readonly","https://www.googleapis.com/auth/firebase","openid"]
[debug] [2018-07-18T11:08:11.908Z] >>> HTTP REQUEST POST https://www.googleapis.com/oauth2/v3/token  
 { refresh_token: '1/en-DAClMIIpoZkpV4jnu1JCptFjWZd83Bl_gfBSyNC0',
  client_id:
   '563584335869-fgrhgmd47bqnekij5i8b5pr03ho849e6.apps.googleusercontent.com',
  client_secret: 'j9iVZfS8kkCEFUPaAeJV0sAi',
  grant_type: 'refresh_token',
  scope:
   'email https://www.googleapis.com/auth/cloud-platform https://www.googleapis.com/auth/cloudplatformprojects.readonly https://www.googleapis.com/auth/firebase openid' } 
 Wed Jul 18 2018 04:08:11 GMT-0700 (Mountain Standard Time)
[debug] [2018-07-18T11:08:12.436Z] <<< HTTP RESPONSE 200
[debug] [2018-07-18T11:08:12.460Z] >>> HTTP REQUEST GET https://admin.firebase.com/v1/projects/ifs-flooring  
  
 Wed Jul 18 2018 04:08:12 GMT-0700 (Mountain Standard Time)
[debug] [2018-07-18T11:08:13.127Z] <<< HTTP RESPONSE 200
[debug] [2018-07-18T11:08:13.128Z] >>> HTTP REQUEST GET https://admin.firebase.com/v1/database/ifs-flooring/tokens  
  
 Wed Jul 18 2018 04:08:13 GMT-0700 (Mountain Standard Time)
[debug] [2018-07-18T11:08:13.646Z] <<< HTTP RESPONSE 200
[info] 
[info] === Deploying to 'ifs-flooring'...
[info] 
[info] i  deploying database, storage, functions, hosting
[info] Running command: npm --prefix "functions" run lint
[info] Running command: npm --prefix "functions" run build
[info] ✔  functions: Finished running predeploy script.
[info] i  database: checking rules syntax...
[debug] [2018-07-18T11:08:25.662Z] >>> HTTP REQUEST PUT https://ifs-flooring.firebaseio.com/.settings/rules.json?dryRun=true  
 {
  "rules": {
    ".read": "auth != null",
    ".write": "auth != null",
    "messages": {
      ".write": true
    }
  }
}
 
 Wed Jul 18 2018 04:08:25 GMT-0700 (Mountain Standard Time)
[debug] [2018-07-18T11:08:26.315Z] <<< HTTP RESPONSE 200
[info] ✔  database: rules syntax for database ifs-flooring is valid
[debug] [2018-07-18T11:08:26.317Z] >>> HTTP REQUEST GET https://appengine.googleapis.com/v1/apps/ifs-flooring  
  
 Wed Jul 18 2018 04:08:26 GMT-0700 (Mountain Standard Time)
[debug] [2018-07-18T11:08:27.118Z] <<< HTTP RESPONSE 200
[info] i  storage: checking storage.rules for compilation errors...
[debug] [2018-07-18T11:08:27.123Z] >>> HTTP REQUEST POST https://firebaserules.googleapis.com/v1/projects/ifs-flooring:test  
 { source: { files: [ [Object] ] } } 
 Wed Jul 18 2018 04:08:27 GMT-0700 (Mountain Standard Time)
[debug] [2018-07-18T11:08:27.937Z] <<< HTTP RESPONSE 200
[info] ✔  storage: rules file storage.rules compiled successfully
[debug] [2018-07-18T11:08:27.940Z] > [functions] package.json contents: {
  "name": "functions",
  "scripts": {
    "lint": "tslint --project tsconfig.json",
    "build": "tsc",
    "serve": "npm run build && firebase serve --only functions",
    "shell": "npm run build && firebase functions:shell",
    "start": "npm run shell",
    "deploy": "firebase deploy --only functions",
    "logs": "firebase functions:log"
  },
  "main": "lib/index.js",
  "dependencies": {
    "nodemailer": "^4.0.1",
    "firebase-admin": "~5.12.1",
    "firebase-functions": "^1.0.3"
  },
  "devDependencies": {
    "tslint": "^5.8.0",
    "typescript": "^2.5.3"
  },
  "private": true
}
[info] i  functions: ensuring necessary APIs are enabled...
[debug] [2018-07-18T11:08:27.941Z] >>> HTTP REQUEST GET https://servicemanagement.googleapis.com/v1/services/cloudfunctions.googleapis.com/projectSettings/ifs-flooring?view=CONSUMER_VIEW  
  
 Wed Jul 18 2018 04:08:27 GMT-0700 (Mountain Standard Time)
[debug] [2018-07-18T11:08:27.943Z] >>> HTTP REQUEST GET https://servicemanagement.googleapis.com/v1/services/runtimeconfig.googleapis.com/projectSettings/ifs-flooring?view=CONSUMER_VIEW  
  
 Wed Jul 18 2018 04:08:27 GMT-0700 (Mountain Standard Time)
[debug] [2018-07-18T11:08:28.972Z] <<< HTTP RESPONSE 200
[debug] [2018-07-18T11:08:29.268Z] <<< HTTP RESPONSE 200
[info] ✔  functions: all necessary APIs are enabled
[debug] [2018-07-18T11:08:29.271Z] >>> HTTP REQUEST GET https://cloudresourcemanager.googleapis.com/v1/projects/ifs-flooring  
  
 Wed Jul 18 2018 04:08:29 GMT-0700 (Mountain Standard Time)
[debug] [2018-07-18T11:08:30.092Z] <<< HTTP RESPONSE 200
[debug] [2018-07-18T11:08:30.093Z] >>> HTTP REQUEST GET https://mobilesdk-pa.googleapis.com/v1/projects/704302205985:getServerAppConfig  
  
 Wed Jul 18 2018 04:08:30 GMT-0700 (Mountain Standard Time)
[debug] [2018-07-18T11:08:30.791Z] <<< HTTP RESPONSE 200
[info] i  storage: uploading rules storage.rules...
[debug] [2018-07-18T11:08:30.796Z] >>> HTTP REQUEST POST https://firebaserules.googleapis.com/v1/projects/ifs-flooring/rulesets  
 { source: { files: [ [Object] ] } } 
 Wed Jul 18 2018 04:08:30 GMT-0700 (Mountain Standard Time)
[debug] [2018-07-18T11:08:31.442Z] <<< HTTP RESPONSE 200
[debug] [2018-07-18T11:08:31.442Z] [rules] created ruleset projects/ifs-flooring/rulesets/d01f0778-bf2c-486e-a865-8cc350e677b2
[info] i  functions: preparing functions directory for uploading...
[debug] [2018-07-18T11:08:31.444Z] >>> HTTP REQUEST GET https://runtimeconfig.googleapis.com/v1beta1/projects/ifs-flooring/configs  
  
 Wed Jul 18 2018 04:08:31 GMT-0700 (Mountain Standard Time)
[debug] [2018-07-18T11:08:32.031Z] <<< HTTP RESPONSE 200
[debug] [2018-07-18T11:08:32.032Z] >>> HTTP REQUEST GET https://runtimeconfig.googleapis.com/v1beta1/projects/ifs-flooring/configs/gmail/variables  
  
 Wed Jul 18 2018 04:08:32 GMT-0700 (Mountain Standard Time)
[debug] [2018-07-18T11:08:32.394Z] <<< HTTP RESPONSE 200
[debug] [2018-07-18T11:08:32.395Z] >>> HTTP REQUEST GET https://runtimeconfig.googleapis.com/v1beta1/projects/ifs-flooring/configs/gmail/variables/email  
  
 Wed Jul 18 2018 04:08:32 GMT-0700 (Mountain Standard Time)
[debug] [2018-07-18T11:08:32.395Z] >>> HTTP REQUEST GET https://runtimeconfig.googleapis.com/v1beta1/projects/ifs-flooring/configs/gmail/variables/password  
  
 Wed Jul 18 2018 04:08:32 GMT-0700 (Mountain Standard Time)
[debug] [2018-07-18T11:08:32.742Z] <<< HTTP RESPONSE 200
[debug] [2018-07-18T11:08:32.753Z] <<< HTTP RESPONSE 200
[info] i  functions: packaged functions (46.35 KB) for uploading
[debug] [2018-07-18T11:08:33.257Z] >>> HTTP REQUEST POST https://cloudfunctions.googleapis.com/v1/projects/ifs-flooring/locations/us-central1/functions:generateUploadUrl  
  
 Wed Jul 18 2018 04:08:33 GMT-0700 (Mountain Standard Time)
[debug] [2018-07-18T11:08:34.285Z] <<< HTTP RESPONSE 200
[debug] [2018-07-18T11:08:34.286Z] >>> HTTP REQUEST PUT https://storage.googleapis.com/gcf-upload-us-central1-50cddfcd-38ff-4ddc-8567-d5afdc346305/54c85c2e-98b6-4e52-9fe6-7c5e1045c7cf.zip?GoogleAccessId=service-704302205985@gcf-admin-robot.iam.gserviceaccount.com&Expires=1531913914&Signature=WBlFowxIFZ5PVVpzsrJEZ5dCA8rtksWnNJV6sO%2BnON1YPVWNLcrOdR1YGG1HEc6%2FmhTDSZ%2BL9hiiCc%2FT%2F0ujkmGH9Z0rOd%2FZkLPHsZFJD5P6jAdGU0KAWw14%2Bi0%2BhnFIspcU%2Fge%2FRPh9LKa5dplr6uEKN3IXhaBStp%2BALe2OeIRlzrMTRpJ6WPxdMNy04z6Sy%2F9TypCgBBRSrbeDFCZ%2BHHLMgRB%2B04FZQnypUyQGLGYJvEvFfI%2FMHY1yWERNIokIt31NeA8AhXIaN4wausY3UHWcihV4qe9kggOh5EWtLOeeeD0ydrRORjEA5LUkO87us5LzeC7O4RUt7DwSX9wQQQ%3D%3D  
 ReadStream {
  _readableState:
   ReadableState {
     objectMode: false,
     highWaterMark: 65536,
     buffer: BufferList { length: 1 },
     length: 47460,
     pipes: null,
     pipesCount: 0,
     flowing: null,
     ended: true,
     endEmitted: false,
     reading: false,
     sync: false,
     needReadable: false,
     emittedReadable: true,
     readableListening: false,
     resumeScheduled: false,
     emitClose: false,
     destroyed: false,
     defaultEncoding: 'utf8',
     awaitDrain: 0,
     readingMore: false,
     decoder: null,
     encoding: null },
  readable: true,
  domain: null,
  _events: { end: [Function] },
  _eventsCount: 1,
  _maxListeners: undefined,
  path:
   '/var/folders/4w/5z6_06rx4d10cfkgkxh1chk40000gn/T/firebase-functions-762914Xn6l4zBfCLo.zip',
  fd: 19,
  flags: 'r',
  mode: 438,
  start: undefined,
  end: Infinity,
  autoClose: true,
  pos: undefined,
  bytesRead: 47460,
  closed: false } 
 Wed Jul 18 2018 04:08:34 GMT-0700 (Mountain Standard Time)
[debug] [2018-07-18T11:08:35.468Z] <<< HTTP RESPONSE 200
[info] ✔  functions: functions folder uploaded successfully
[info] i  hosting: preparing dist/IFS directory for upload...
